<?xml version="1.0" encoding="UTF-8"?>
<testng-results ignored="7" total="9" passed="2" failed="0" skipped="0">
  <reporter-output>
  </reporter-output>
  <suite started-at="2025-05-23T15:53:17 IST" name="Loan Department" finished-at="2025-05-23T15:53:17 IST" duration-ms="49">
    <groups>
      <group name="Smoke">
        <method signature="Personalloan.p1()[pri:0, instance:test.Personalloan@31d7b7bf]" name="p1" class="test.Personalloan"/>
        <method signature="day2.demo3()[pri:0, instance:test.day2@c267ef4]" name="demo3" class="test.day2"/>
      </group> <!-- Smoke -->
    </groups>
    <test started-at="2025-05-23T15:53:17 IST" name="Test" finished-at="2025-05-23T15:53:17 IST" duration-ms="49">
      <class name="test.Personalloan">
        <test-method signature="p1()[pri:0, instance:test.Personalloan@31d7b7bf]" started-at="2025-05-23T15:53:17 IST" name="p1" finished-at="2025-05-23T15:53:17 IST" duration-ms="1" status="PASS">
          <reporter-output>
          </reporter-output>
        </test-method> <!-- p1 -->
      </class> <!-- test.Personalloan -->
      <class name="test.day2">
        <test-method signature="demo3()[pri:0, instance:test.day2@c267ef4]" started-at="2025-05-23T15:53:17 IST" name="demo3" finished-at="2025-05-23T15:53:17 IST" duration-ms="11" status="PASS">
          <reporter-output>
          </reporter-output>
        </test-method> <!-- demo3 -->
      </class> <!-- test.day2 -->
    </test> <!-- Test -->
  </suite> <!-- Loan Department -->
</testng-results>
