<?xml version="1.0" encoding="UTF-8"?>
<!-- Generated by org.testng.reporters.JUnitXMLReporter -->
<testsuite ignored="0" hostname="Antimatter" failures="0" tests="6" name="myTest" time="0.012" errors="0" timestamp="2024-01-01T13:18:53 IST">
  <testcase classname="test.HomeLoan" name="homeLoan" time="0.001"/>
  <testcase classname="test.HomeLoan" name="homeLoan2" time="0.001"/>
  <testcase classname="test.HomeLoan" name="homeLoan3" time="0.001"/>
  <testcase classname="test.Personalloan" name="p1" time="0.0"/>
  <testcase classname="test.Personalloan" name="p2" time="0.001"/>
  <testcase classname="test.Personalloan" name="p3" time="0.0"/>
</testsuite> <!-- myTest -->
