<?xml version="1.0" encoding="UTF-8"?>
<!-- Generated by org.testng.reporters.JUnitXMLReporter -->
<testsuite ignored="1" hostname="Antimatter" failures="0" tests="2" name="Test2" time="0.033" errors="0" timestamp="2024-01-15T14:11:40 IST">
  <testcase classname="test.Personalloan" name="p1" time="0.007"/>
  <testcase classname="test.Personalloan" name="p2" time="0.001"/>
  <testcase classname="test.Personalloan" name="p3" time="0.0">
    <ignored/>
  </testcase> <!-- p3 -->
</testsuite> <!-- Test2 -->
