<?xml version="1.0" encoding="UTF-8"?>
<!-- Generated by org.testng.reporters.JUnitXMLReporter -->
<testsuite ignored="7" hostname="Antimatter" failures="0" tests="2" name="Test" time="0.049" errors="0" timestamp="2025-05-23T15:53:17 IST">
  <testcase classname="test.day2" name="demo3" time="0.011"/>
  <testcase classname="test.Personalloan" name="p1" time="0.001"/>
  <testcase classname="test.day1" name="demo" time="0.0">
    <ignored/>
  </testcase> <!-- demo -->
  <testcase classname="test.HomeLoan" name="homeLoan" time="0.0">
    <ignored/>
  </testcase> <!-- homeLoan -->
  <testcase classname="test.HomeLoan" name="homeLoan2" time="0.0">
    <ignored/>
  </testcase> <!-- homeLoan2 -->
  <testcase classname="test.Personalloan" name="p3" time="0.0">
    <ignored/>
  </testcase> <!-- p3 -->
  <testcase classname="test.Personalloan" name="p2" time="0.0">
    <ignored/>
  </testcase> <!-- p2 -->
  <testcase classname="test.HomeLoan" name="homeLoan3" time="0.0">
    <ignored/>
  </testcase> <!-- homeLoan3 -->
  <testcase classname="test.HomeLoan" name="homeLoan4" time="0.0">
    <ignored/>
  </testcase> <!-- homeLoan4 -->
</testsuite> <!-- Test -->
